<?xml version="1.0" encoding="UTF-8"?>
<!-- Generated by org.testng.reporters.JUnitReportReporter -->
<testsuite skipped="0" hostname="DESKTOP-3GFSGOJ" name="TestCases.Login" tests="4" failures="0" timestamp="2020-05-08T12:51:31 IST" time="106.382" errors="0">
  <testcase name="Login_positve" time="35.559" classname="TestCases.Login"/>
  <testcase name="Login_positve" time="25.475" classname="TestCases.Login"/>
  <testcase name="Login_negative" time="29.999" classname="TestCases.Login"/>
  <testcase name="Login_negative" time="15.349" classname="TestCases.Login"/>
</testsuite> <!-- TestCases.Login -->
