<?xml version="1.0" encoding="UTF-8"?>
<!-- Generated by org.testng.reporters.JUnitReportReporter -->
<testsuite skipped="0" hostname="DESKTOP-3GFSGOJ" name="TestCases.Login" tests="4" failures="0" timestamp="2020-05-11T19:03:11 IST" time="96.878" errors="0">
  <testcase name="Login_positve" time="16.357" classname="TestCases.Login"/>
  <testcase name="Login_positve" time="53.364" classname="TestCases.Login"/>
  <testcase name="Login_negative" time="12.812" classname="TestCases.Login"/>
  <testcase name="Login_negative" time="14.345" classname="TestCases.Login"/>
</testsuite> <!-- TestCases.Login -->
