<?xml version="1.0" encoding="UTF-8"?>
<!-- Generated by org.testng.reporters.JUnitReportReporter -->
<testsuite skipped="2" hostname="DESKTOP-3GFSGOJ" name="TestCases.Addingtowishlist" tests="9" failures="0" timestamp="2020-05-09T23:28:29 IST" time="203.724" errors="0">
  <testcase name="wishlistitems" time="60.239" classname="TestCases.Addingtowishlist"/>
  <testcase name="wishlistitems" time="19.178" classname="TestCases.Addingtowishlist"/>
  <testcase name="wishlistitems" time="21.550" classname="TestCases.Addingtowishlist"/>
  <testcase name="wishlistitems" time="24.223" classname="TestCases.Addingtowishlist"/>
  <testcase name="wishlistitems" time="19.830" classname="TestCases.Addingtowishlist"/>
  <testcase name="wishlistitems" time="32.415" classname="TestCases.Addingtowishlist"/>
  <testcase name="wishlistitems" time="26.289" classname="TestCases.Addingtowishlist"/>
  <testcase name="search_addtowishlist" classname="TestCases.Addingtowishlist">
    <skipped/>
  </testcase> <!-- search_addtowishlist -->
  <testcase name="wishlistpage" classname="TestCases.Addingtowishlist">
    <skipped/>
  </testcase> <!-- wishlistpage -->
</testsuite> <!-- TestCases.Addingtowishlist -->
