<?xml version="1.0" encoding="UTF-8"?>
<!-- Generated by org.testng.reporters.JUnitReportReporter -->
<testsuite skipped="0" hostname="DESKTOP-3GFSGOJ" name="TestCases.Registration" tests="6" failures="0" timestamp="2020-05-11T19:03:11 IST" time="90.955" errors="0">
  <testcase name="registration_withuniquemail" time="21.241" classname="TestCases.Registration"/>
  <testcase name="registration_withuniquemail" time="14.083" classname="TestCases.Registration"/>
  <testcase name="registration_withuniquemail" time="15.155" classname="TestCases.Registration"/>
  <testcase name="registration_withdupliacteemail" time="13.724" classname="TestCases.Registration"/>
  <testcase name="registration_withdupliacteemail" time="13.803" classname="TestCases.Registration"/>
  <testcase name="registration_withdupliacteemail" time="12.949" classname="TestCases.Registration"/>
</testsuite> <!-- TestCases.Registration -->
