<?xml version="1.0" encoding="UTF-8"?>
<!-- Generated by org.testng.reporters.JUnitReportReporter -->
<testsuite skipped="0" hostname="DESKTOP-3GFSGOJ" name="TestCases.validateTitle" tests="1" failures="0" timestamp="2020-05-11T19:03:11 IST" time="0.047" errors="0">
  <testcase name="validateAppTitle" time="0.047" classname="TestCases.validateTitle"/>
</testsuite> <!-- TestCases.validateTitle -->
