<?xml version="1.0" encoding="UTF-8"?>
<!-- Generated by org.testng.reporters.JUnitReportReporter -->
<testsuite skipped="0" hostname="DESKTOP-3GFSGOJ" name="TestCases.Search" tests="7" failures="0" timestamp="2020-05-11T19:03:11 IST" time="216.395" errors="0">
  <testcase name="search" time="21.784" classname="TestCases.Search"/>
  <testcase name="search" time="14.625" classname="TestCases.Search"/>
  <testcase name="search" time="14.203" classname="TestCases.Search"/>
  <testcase name="search" time="61.917" classname="TestCases.Search"/>
  <testcase name="search" time="15.828" classname="TestCases.Search"/>
  <testcase name="search" time="15.380" classname="TestCases.Search"/>
  <testcase name="search" time="72.658" classname="TestCases.Search"/>
</testsuite> <!-- TestCases.Search -->
