<?xml version="1.0" encoding="UTF-8"?>
<!-- Generated by org.testng.reporters.JUnitReportReporter -->
<testsuite skipped="0" hostname="DESKTOP-3GFSGOJ" name="TestCases.Registration" tests="6" failures="0" timestamp="2020-05-08T12:51:31 IST" time="369.675" errors="0">
  <testcase name="registration_withuniquemail" time="52.016" classname="TestCases.Registration"/>
  <testcase name="registration_withuniquemail" time="89.050" classname="TestCases.Registration"/>
  <testcase name="registration_withuniquemail" time="47.369" classname="TestCases.Registration"/>
  <testcase name="registration_withdupliacteemail" time="45.150" classname="TestCases.Registration"/>
  <testcase name="registration_withdupliacteemail" time="84.659" classname="TestCases.Registration"/>
  <testcase name="registration_withdupliacteemail" time="51.431" classname="TestCases.Registration"/>
</testsuite> <!-- TestCases.Registration -->
