<?xml version="1.0" encoding="UTF-8"?>
<!-- Generated by org.testng.reporters.JUnitReportReporter -->
<testsuite skipped="0" hostname="DESKTOP-3GFSGOJ" name="TestCases.Registration" tests="3" failures="0" timestamp="2020-05-05T22:20:26 IST" time="57.549" errors="0">
  <testcase name="registration" time="19.267" classname="TestCases.Registration"/>
  <testcase name="registration" time="19.221" classname="TestCases.Registration"/>
  <testcase name="registration" time="19.061" classname="TestCases.Registration"/>
</testsuite> <!-- TestCases.Registration -->
