<?xml version="1.0" encoding="UTF-8"?>
<!-- Generated by org.testng.reporters.JUnitReportReporter -->
<testsuite skipped="0" hostname="DESKTOP-3GFSGOJ" name="TestCases.validateTitle" tests="1" failures="0" timestamp="2020-05-08T12:51:31 IST" time="0.046" errors="0">
  <testcase name="validateAppTitle" time="0.046" classname="TestCases.validateTitle"/>
</testsuite> <!-- TestCases.validateTitle -->
