<?xml version="1.0" encoding="UTF-8"?>
<!-- Generated by org.testng.reporters.JUnitReportReporter -->
<testsuite skipped="2" hostname="DESKTOP-3GFSGOJ" name="TestCases.Addingtowishlist" tests="9" failures="0" timestamp="2020-05-11T19:35:12 IST" time="165.379" errors="0">
  <testcase name="wishlistitems" time="17.920" classname="TestCases.Addingtowishlist"/>
  <testcase name="wishlistitems" time="19.273" classname="TestCases.Addingtowishlist"/>
  <testcase name="wishlistitems" time="19.558" classname="TestCases.Addingtowishlist"/>
  <testcase name="wishlistitems" time="18.114" classname="TestCases.Addingtowishlist"/>
  <testcase name="wishlistitems" time="52.761" classname="TestCases.Addingtowishlist"/>
  <testcase name="wishlistitems" time="19.767" classname="TestCases.Addingtowishlist"/>
  <testcase name="wishlistitems" time="17.986" classname="TestCases.Addingtowishlist"/>
  <testcase name="search_addtowishlist" classname="TestCases.Addingtowishlist">
    <skipped/>
  </testcase> <!-- search_addtowishlist -->
  <testcase name="wishlistpage" classname="TestCases.Addingtowishlist">
    <skipped/>
  </testcase> <!-- wishlistpage -->
</testsuite> <!-- TestCases.Addingtowishlist -->
