<?xml version="1.0" encoding="UTF-8"?>
<!-- Generated by org.testng.reporters.JUnitReportReporter -->
<testsuite skipped="0" hostname="DESKTOP-3GFSGOJ" name="TestCases.Search" tests="7" failures="0" timestamp="2020-05-08T12:51:31 IST" time="158.893" errors="0">
  <testcase name="search" time="19.583" classname="TestCases.Search"/>
  <testcase name="search" time="52.049" classname="TestCases.Search"/>
  <testcase name="search" time="20.451" classname="TestCases.Search"/>
  <testcase name="search" time="17.933" classname="TestCases.Search"/>
  <testcase name="search" time="17.391" classname="TestCases.Search"/>
  <testcase name="search" time="14.586" classname="TestCases.Search"/>
  <testcase name="search" time="16.900" classname="TestCases.Search"/>
</testsuite> <!-- TestCases.Search -->
